mktexpk --mfmode / --bdpi 600 --mag 1+364/600 --dpi 964 cyberb8c
mktexpk --mfmode / --bdpi 600 --mag 1+364/600 --dpi 964 cyberb8c
mktexpk --mfmode / --bdpi 600 --mag 1+364/600 --dpi 964 cyberb8c
mktexpk --mfmode / --bdpi 600 --mag 1+364/600 --dpi 964 cyberb8c
mktexpk --mfmode / --bdpi 600 --mag 1+364/600 --dpi 964 cyberb8c
mktexpk --mfmode / --bdpi 600 --mag 1+364/600 --dpi 964 cyberb8c
mktexpk --mfmode / --bdpi 600 --mag 1+364/600 --dpi 964 cyberb8c
mktexpk --mfmode / --bdpi 600 --mag 1+364/600 --dpi 964 cyberb8c
mktexpk --mfmode / --bdpi 600 --mag 1+364/600 --dpi 964 cyberb8c
mktexpk --mfmode / --bdpi 600 --mag 1+364/600 --dpi 964 cyberb8c
mktexpk --mfmode / --bdpi 600 --mag 1+364/600 --dpi 964 cyberb8c
mktexpk --mfmode / --bdpi 600 --mag 1+364/600 --dpi 964 cyberb8c
mktexpk --mfmode / --bdpi 600 --mag 1+364/600 --dpi 964 cyberb8c
mktexpk --mfmode / --bdpi 600 --mag 1+364/600 --dpi 964 cyberb8c
mktexpk --mfmode / --bdpi 600 --mag 1+364/600 --dpi 964 cyberb8c
mktexpk --mfmode / --bdpi 600 --mag 1+364/600 --dpi 964 cyberb8c
mktexpk --mfmode / --bdpi 600 --mag 1+364/600 --dpi 964 cyberb8c
mktexpk --mfmode / --bdpi 600 --mag 1+364/600 --dpi 964 cyberb8c
mktexpk --mfmode / --bdpi 600 --mag 1+364/600 --dpi 964 cyberb8c
mktexpk --mfmode / --bdpi 600 --mag 1+364/600 --dpi 964 cyberb8c
mktexpk --mfmode / --bdpi 600 --mag 1+123/600 --dpi 723 cyberb9e
mktexpk --mfmode / --bdpi 600 --mag 1+123/600 --dpi 723 cyberb9e
mktexpk --mfmode / --bdpi 600 --mag 1+123/600 --dpi 723 cyberb9e
mktexpk --mfmode / --bdpi 600 --mag 1+123/600 --dpi 723 cyberb9e
mktexpk --mfmode / --bdpi 600 --mag 1+123/600 --dpi 723 cyberb9e
mktexpk --mfmode / --bdpi 600 --mag 1+123/600 --dpi 723 cyberb9e
mktexpk --mfmode / --bdpi 600 --mag 1+264/600 --dpi 864 cyberb65
mktexpk --mfmode / --bdpi 600 --mag 1+264/600 --dpi 864 cyberb65
mktexpk --mfmode / --bdpi 600 --mag 1+123/600 --dpi 723 cyberb9e
mktexpk --mfmode / --bdpi 600 --mag 1+123/600 --dpi 723 cyberb9e
mktexpk --mfmode / --bdpi 600 --mag 1+123/600 --dpi 723 cyberb9e
mktexpk --mfmode / --bdpi 600 --mag 1+123/600 --dpi 723 cyberb9e
mktexpk --mfmode / --bdpi 600 --mag 1+123/600 --dpi 723 cyberb9e
mktexpk --mfmode / --bdpi 600 --mag 1+123/600 --dpi 723 cyberb9e
mktexpk --mfmode / --bdpi 600 --mag 1+123/600 --dpi 723 cyberb9e
mktexpk --mfmode / --bdpi 600 --mag 1+123/600 --dpi 723 cyberb9e
mktexpk --mfmode / --bdpi 600 --mag 1+123/600 --dpi 723 cyberb9e
mktexpk --mfmode / --bdpi 600 --mag 1+123/600 --dpi 723 cyberb9e
mktexpk --mfmode / --bdpi 600 --mag 1+123/600 --dpi 723 cyberb9e
mktexpk --mfmode / --bdpi 600 --mag 1+123/600 --dpi 723 cyberb9e
mktextfm STFangsong/OT
mktextfm STFangsong/OT
mktextfm STFangsong/OT
mktextfm STFangsong/BI/OT
mktextfm STFangsong/OT
mktextfm STFangsong/B/OT
mktextfm STFangsong/OT
mktextfm STFangsong/I/OT
mktextfm STFangsong/OT
mktextfm STFangsong/OT
mktextfm STFangsong/OT
mktextfm STFangsong/OT
mktextfm STFangsong/OT
mktextfm STFangsong/BI/OT
mktextfm STFangsong/OT
mktextfm STFangsong/B/OT
mktextfm STFangsong/OT
mktextfm STFangsong/I/OT
mktextfm STFangsong/OT
mktextfm STFangsong/OT
mktextfm STFangsong/OT
mktextfm STFangsong/OT
mktextfm STFangsong/OT
mktextfm STFangsong/BI/OT
mktextfm STFangsong/OT
mktextfm STFangsong/B/OT
mktextfm STFangsong/OT
mktextfm STFangsong/I/OT
mktextfm STFangsong/OT
mktextfm STFangsong/OT
mktextfm STFangsong/OT
mktextfm STFangsong/OT
mktextfm STFangsong/OT
mktextfm STFangsong/BI/OT
mktextfm STFangsong/OT
mktextfm STFangsong/B/OT
mktextfm STFangsong/OT
mktextfm STFangsong/I/OT
mktextfm STFangsong/OT
mktextfm STFangsong/OT
mktextfm STFangsong/OT
mktextfm STFangsong/OT
mktextfm STFangsong/OT
mktextfm STFangsong/BI/OT
mktextfm STFangsong/OT
mktextfm STFangsong/B/OT
mktextfm STFangsong/OT
mktextfm STFangsong/I/OT
mktextfm STFangsong/OT
mktextfm STFangsong/OT
mktextfm STFangsong/OT
mktextfm STFangsong/OT
mktextfm STFangsong/OT
mktextfm STFangsong/BI/OT
mktextfm STFangsong/OT
mktextfm STFangsong/B/OT
mktextfm STFangsong/OT
mktextfm STFangsong/I/OT
mktextfm STFangsong/OT
mktextfm STFangsong/OT
mktextfm STFangsong/OT
mktextfm STFangsong/OT
mktextfm STFangsong/OT
mktextfm STFangsong/BI/OT
mktextfm STFangsong/OT
mktextfm STFangsong/B/OT
mktextfm STFangsong/OT
mktextfm STFangsong/I/OT
mktextfm STFangsong/OT
mktextfm STFangsong/OT
mktextfm STFangsong/OT
mktextfm STFangsong/OT
mktextfm STFangsong/OT
mktextfm STFangsong/BI/OT
mktextfm STFangsong/OT
mktextfm STFangsong/B/OT
mktextfm STFangsong/OT
mktextfm STFangsong/I/OT
mktextfm STFangsong/OT
mktextfm STFangsong/OT
mktextfm STFangsong/OT
mktextfm STFangsong/OT
mktextfm STFangsong/OT
mktextfm STFangsong/BI/OT
mktextfm STFangsong/OT
mktextfm STFangsong/B/OT
mktextfm STFangsong/OT
mktextfm STFangsong/I/OT
mktextfm STFangsong/OT
mktextfm STFangsong/OT
mktextfm STFangsong/OT
mktextfm STFangsong/OT
mktextfm STFangsong/OT
mktextfm STFangsong/BI/OT
mktextfm STFangsong/OT
mktextfm STFangsong/B/OT
mktextfm STFangsong/OT
mktextfm STFangsong/I/OT
mktextfm STFangsong/OT
mktextfm STFangsong/OT
mktextfm STFangsong/OT
mktextfm STFangsong/OT
mktextfm STFangsong/OT
mktextfm STFangsong/BI/OT
mktextfm STFangsong/OT
mktextfm STFangsong/B/OT
mktextfm STFangsong/OT
mktextfm STFangsong/I/OT
mktextfm STFangsong/OT
mktextfm STFangsong/OT
mktextfm STFangsong/OT
mktextfm STFangsong/OT
mktextfm STFangsong/OT
mktextfm STFangsong/BI/OT
mktextfm STFangsong/OT
mktextfm STFangsong/B/OT
mktextfm STFangsong/OT
mktextfm STFangsong/I/OT
mktextfm STFangsong/OT
mktextfm STFangsong/OT
mktextfm STFangsong/OT
mktextfm STFangsong/OT
mktextfm STFangsong/OT
mktextfm STFangsong/BI/OT
mktextfm STFangsong/OT
mktextfm STFangsong/B/OT
mktextfm STFangsong/OT
mktextfm STFangsong/I/OT
mktextfm STFangsong/OT
mktextfm STFangsong/OT
mktextfm STFangsong/OT
mktextfm STFangsong/OT
mktextfm STFangsong/OT
mktextfm STFangsong/BI/OT
mktextfm STFangsong/OT
mktextfm STFangsong/B/OT
mktextfm STFangsong/OT
mktextfm STFangsong/I/OT
mktextfm STFangsong/OT
mktextfm STFangsong/OT
mktextfm STFangsong/OT
mktextfm STFangsong/OT
mktextfm STFangsong/OT
mktextfm STFangsong/BI/OT
mktextfm STFangsong/OT
mktextfm STFangsong/B/OT
mktextfm STFangsong/OT
mktextfm STFangsong/I/OT
mktextfm STFangsong/OT
mktextfm STFangsong/OT
mktextfm STFangsong/OT
mktextfm STFangsong/OT
mktextfm STFangsong/OT
mktextfm STFangsong/BI/OT
mktextfm STFangsong/OT
mktextfm STFangsong/B/OT
mktextfm STFangsong/OT
mktextfm STFangsong/I/OT
mktextfm STFangsong/OT
mktextfm STFangsong/OT
mktextfm STFangsong/OT
mktextfm STFangsong/OT
mktextfm STFangsong/OT
mktextfm STFangsong/BI/OT
mktextfm STFangsong/OT
mktextfm STFangsong/B/OT
mktextfm STFangsong/OT
mktextfm STFangsong/I/OT
mktextfm STFangsong/OT
mktextfm STFangsong/OT
mktextfm STFangsong/OT
mktextfm STFangsong/OT
mktextfm STFangsong/OT
mktextfm STFangsong/BI/OT
mktextfm STFangsong/OT
mktextfm STFangsong/B/OT
mktextfm STFangsong/OT
mktextfm STFangsong/I/OT
mktextfm STFangsong/OT
mktextfm STFangsong/OT
mktextfm STFangsong/OT
mktextfm STFangsong/OT
mktextfm STFangsong/OT
mktextfm STFangsong/BI/OT
mktextfm STFangsong/OT
mktextfm STFangsong/B/OT
mktextfm STFangsong/OT
mktextfm STFangsong/I/OT
mktextfm STFangsong/OT
mktextfm STFangsong/OT
mktextfm STFangsong/OT
mktextfm STFangsong/OT
mktextfm STFangsong/OT
mktextfm STFangsong/BI/OT
mktextfm STFangsong/OT
mktextfm STFangsong/B/OT
mktextfm STFangsong/OT
mktextfm STFangsong/I/OT
mktextfm STFangsong/OT
mktextfm STFangsong/OT
mktextfm STFangsong/OT
mktextfm STFangsong/OT
mktextfm STFangsong/OT
mktextfm STFangsong/BI/OT
mktextfm STFangsong/OT
mktextfm STFangsong/B/OT
mktextfm STFangsong/OT
mktextfm STFangsong/I/OT
mktextfm STFangsong/OT
mktextfm STFangsong/OT
mktextfm STFangsong/OT
mktextfm STFangsong/OT
mktextfm STFangsong/OT
mktextfm STFangsong/BI/OT
mktextfm STFangsong/OT
mktextfm STFangsong/B/OT
mktextfm STFangsong/OT
mktextfm STFangsong/I/OT
mktextfm STFangsong/OT
mktextfm STFangsong/OT
