\BOOKMARK [1][-]{section.1}{\376\377\000I\000n\000t\000r\000o\000d\000u\000c\000t\000i\000o\000n}{}% 1
\BOOKMARK [1][-]{section.2}{\376\377\000T\000h\000e\000\040\000t\000h\000e\000o\000r\000y\000\040\000f\000r\000a\000m\000e\000w\000o\000r\000k}{}% 2
\BOOKMARK [2][-]{subsection.2.1}{\376\377\000T\000h\000e\000\040\000S\000t\000a\000n\000d\000a\000r\000d\000\040\000M\000o\000d\000e\000l}{section.2}% 3
\BOOKMARK [3][-]{subsubsection.2.1.1}{\376\377\000Q\000u\000a\000n\000t\000u\000m\000\040\000c\000h\000r\000o\000m\000o\000d\000y\000n\000a\000m\000i\000c\000s}{subsection.2.1}% 4
\BOOKMARK [2][-]{subsection.2.2}{\376\377\000P\000h\000y\000s\000i\000c\000s\000\040\000b\000e\000y\000o\000n\000d\000\040\000t\000h\000e\000\040\000S\000t\000a\000n\000d\000a\000r\000d\000\040\000M\000o\000d\000e\000l}{section.2}% 5
\BOOKMARK [3][-]{subsubsection.2.2.1}{\376\377\000H}{subsection.2.2}% 6
\BOOKMARK [3][-]{subsubsection.2.2.2}{\376\377\000S\000t\000r\000i\000n\000g}{subsection.2.2}% 7
\BOOKMARK [3][-]{subsubsection.2.2.3}{\376\377\000Q\000u\000a\000n\000t\000u\000m\000\040\000B\000l\000a\000c\000k\000\040\000H\000o\000l\000e\000s}{subsection.2.2}% 8
\BOOKMARK [1][-]{section.3}{\376\377\000T\000h\000e\000\040\000A\000T\000L\000A\000S\000\040\000E\000x\000p\000e\000r\000i\000m\000e\000n\000t}{}% 9
\BOOKMARK [2][-]{subsection.3.1}{\376\377\000T\000h\000e\000\040\000L\000a\000r\000g\000e\000\040\000H\000a\000d\000r\000o\000n\000\040\000C\000o\000l\000l\000i\000d\000e\000r}{section.3}% 10
\BOOKMARK [2][-]{subsection.3.2}{\376\377\000T\000h\000e\000\040\000A\000T\000L\000A\000S\000\040\000d\000e\000t\000e\000c\000t\000o\000r}{section.3}% 11
\BOOKMARK [3][-]{subsubsection.3.2.1}{\376\377\000I\000n\000n\000e\000r\000\040\000d\000e\000t\000e\000c\000t\000o\000r}{subsection.3.2}% 12
\BOOKMARK [3][-]{subsubsection.3.2.2}{\376\377\000C\000a\000l\000o\000r\000i\000m\000e\000t\000e\000r\000s}{subsection.3.2}% 13
\BOOKMARK [3][-]{subsubsection.3.2.3}{\376\377\000M\000u\000o\000n\000\040\000s\000p\000e\000c\000t\000r\000o\000m\000e\000t\000e\000r}{subsection.3.2}% 14
\BOOKMARK [3][-]{subsubsection.3.2.4}{\376\377\000T\000r\000i\000g\000g\000e\000r\000\040\000a\000n\000d\000\040\000d\000a\000t\000a\000\040\000a\000c\000q\000u\000i\000s\000i\000t\000i\000o\000n}{subsection.3.2}% 15
\BOOKMARK [1][-]{section.4}{\376\377\000J\000e\000t\000s\000\040\000i\000n\000\040\000A\000T\000L\000A\000S}{}% 16
\BOOKMARK [2][-]{subsection.4.1}{\376\377\000J\000e\000t\000\040\000r\000e\000c\000o\000n\000s\000t\000r\000u\000c\000t\000i\000o\000n}{section.4}% 17
\BOOKMARK [2][-]{subsection.4.2}{\376\377\000J\000e\000t\000\040\000c\000a\000l\000i\000b\000r\000a\000t\000i\000o\000n\000\040\000a\000n\000d\000\040\000c\000l\000e\000a\000n\000i\000n\000g}{section.4}% 18
\BOOKMARK [3][-]{subsubsection.4.2.1}{\376\377\000P\000i\000l\000e\000-\000u\000p\000\040\000c\000o\000r\000r\000e\000c\000t\000i\000o\000n\000s}{subsection.4.2}% 19
\BOOKMARK [3][-]{subsubsection.4.2.2}{\376\377\000J\000e\000t\000\040\000e\000n\000e\000r\000g\000y\000\040\000s\000c\000a\000l\000e\000\040\000a\000n\000d\000\040\000\040\000c\000a\000l\000i\000b\000r\000a\000t\000i\000o\000n}{subsection.4.2}% 20
\BOOKMARK [3][-]{subsubsection.4.2.3}{\376\377\000G\000l\000o\000b\000a\000l\000\040\000s\000e\000q\000u\000e\000n\000t\000i\000a\000l\000\040\000c\000a\000l\000i\000b\000r\000a\000t\000i\000o\000n}{subsection.4.2}% 21
\BOOKMARK [3][-]{subsubsection.4.2.4}{\376\377\000R\000e\000s\000i\000d\000u\000a\000l\000\040\000i\000n\000\040\000s\000i\000t\000u\000\040\000c\000a\000l\000i\000b\000r\000a\000t\000i\000o\000n}{subsection.4.2}% 22
\BOOKMARK [1][-]{section.5}{\376\377\000T\000h\000e\000\040\000c\000a\000l\000i\000b\000r\000a\000t\000i\000o\000n\000\040\000o\000f\000\040\000q\000u\000a\000r\000k\000/\000g\000l\000u\000o\000n\000\040\000j\000e\000t\000s\000\040\000t\000a\000g\000g\000e\000r\000s}{}% 23
\BOOKMARK [2][-]{subsection.5.1}{\376\377\000D\000a\000t\000a\000\040\000a\000n\000d\000\040\000M\000o\000n\000t\000e\000\040\000C\000a\000r\000l\000o\000\040\000s\000a\000m\000p\000l\000e\000s}{section.5}% 24
\BOOKMARK [3][-]{subsubsection.5.1.1}{\376\377\000D\000a\000t\000a}{subsection.5.1}% 25
\BOOKMARK [3][-]{subsubsection.5.1.2}{\376\377\000M\000o\000n\000t\000e\000\040\000C\000a\000r\000l\000o\000\040\000s\000i\000m\000u\000l\000a\000t\000i\000o\000n}{subsection.5.1}% 26
\BOOKMARK [2][-]{subsection.5.2}{\376\377\000O\000b\000j\000e\000c\000t\000\040\000a\000n\000d\000\040\000E\000v\000e\000n\000t\000\040\000s\000e\000l\000e\000c\000t\000i\000o\000n}{section.5}% 27
\BOOKMARK [3][-]{subsubsection.5.2.1}{\376\377\000P\000h\000y\000s\000i\000c\000s\000\040\000o\000b\000j\000e\000c\000t\000\040\000d\000e\000f\000i\000n\000i\000t\000i\000o\000n}{subsection.5.2}% 28
\BOOKMARK [3][-]{subsubsection.5.2.2}{\376\377\000E\000v\000e\000n\000t\000\040\000S\000e\000l\000e\000c\000t\000i\000o\000n\000\040\000a\000n\000d\000\040\000d\000e\000f\000i\000n\000i\000t\000i\000o\000n\000\040\000o\000f\000\040\000q\000u\000a\000r\000k\000\040\000a\000n\000d\000\040\000g\000l\000u\000o\000n\000-\000e\000n\000r\000i\000c\000h\000e\000d\000\040\000s\000a\000m\000p\000l\000e\000s}{subsection.5.2}% 29
\BOOKMARK [2][-]{subsection.5.3}{\376\377\000Q\000u\000a\000r\000k\000/\000g\000l\000u\000o\000n\000\040\000t\000a\000g\000g\000i\000n\000g\000\040\000v\000a\000r\000i\000a\000b\000l\000e\000s}{section.5}% 30
\BOOKMARK [3][-]{subsubsection.5.3.1}{\376\377\000T\000h\000e\000\040\000B\000D\000T\000\040\000t\000a\000g\000g\000e\000r}{subsection.5.3}% 31
\BOOKMARK [4][-]{paragraph.5.3.1.1}{\376\377\000F\000e\000a\000t\000u\000r\000e\000\040\000s\000e\000l\000e\000c\000t\000i\000o\000n\000s}{subsubsection.5.3.1}% 32
\BOOKMARK [4][-]{paragraph.5.3.1.2}{\376\377\000T\000r\000a\000i\000n\000i\000n\000g\000\040\000w\000e\000i\000g\000h\000t\000s}{subsubsection.5.3.1}% 33
\BOOKMARK [4][-]{paragraph.5.3.1.3}{\376\377\000T\000r\000a\000i\000n\000i\000n\000g\000\040\000C\000o\000n\000f\000i\000g\000u\000r\000a\000t\000i\000o\000n}{subsubsection.5.3.1}% 34
\BOOKMARK [2][-]{subsection.5.4}{\376\377\000M\000a\000t\000r\000i\000x\000\040\000M\000e\000t\000h\000o\000d}{section.5}% 35
\BOOKMARK [2][-]{subsection.5.5}{\376\377\000M\000C\000\040\000n\000o\000n\000-\000c\000l\000o\000s\000u\000r\000e}{section.5}% 36
\BOOKMARK [3][-]{subsubsection.5.5.1}{\376\377\000C\000l\000o\000s\000u\000r\000e\000\040\000t\000e\000s\000t\000\040\000f\000o\000r\000\040\000B\000D\000T\000\040\000t\000a\000g\000g\000e\000r}{subsection.5.5}% 37
\BOOKMARK [3][-]{subsubsection.5.5.2}{\376\377\000S\000u\000m\000m\000a\000r\000y\000\040\000f\000o\000r\000\040\000t\000h\000e\000\040\000M\000C\000\040\000C\000l\000o\000s\000u\000r\000e\000\040\000t\000e\000s\000t}{subsection.5.5}% 38
\BOOKMARK [2][-]{subsection.5.6}{\376\377\000S\000c\000a\000l\000e\000\040\000f\000a\000c\000t\000o\000r}{section.5}% 39
\BOOKMARK [2][-]{subsection.5.7}{\376\377\000S\000y\000s\000t\000e\000m\000a\000t\000i\000c\000\040\000u\000n\000c\000e\000r\000t\000a\000i\000n\000t\000i\000e\000s}{section.5}% 40
\BOOKMARK [3][-]{subsubsection.5.7.1}{\376\377\000P\000a\000r\000t\000o\000n\000\040\000s\000h\000o\000w\000e\000r\000\040\000m\000o\000d\000e\000l\000l\000i\000n\000g\000\040\000u\000n\000c\000e\000r\000t\000a\000i\000n\000t\000y}{subsection.5.7}% 41
\BOOKMARK [3][-]{subsubsection.5.7.2}{\376\377\000H\000a\000d\000r\000o\000n\000i\000s\000a\000t\000i\000o\000n\000\040\000m\000o\000d\000e\000l\000l\000i\000n\000g\000\040\000u\000n\000c\000e\000r\000t\000a\000i\000n\000t\000y}{subsection.5.7}% 42
\BOOKMARK [3][-]{subsubsection.5.7.3}{\376\377\000M\000a\000t\000r\000i\000x\000\040\000e\000l\000e\000m\000e\000n\000t\000\040\000u\000n\000c\000e\000r\000t\000a\000i\000n\000t\000y}{subsection.5.7}% 43
\BOOKMARK [3][-]{subsubsection.5.7.4}{\376\377\000P\000D\000F\000\040\000u\000n\000c\000e\000r\000t\000a\000i\000n\000t\000y}{subsection.5.7}% 44
\BOOKMARK [3][-]{subsubsection.5.7.5}{\376\377\000S\000c\000a\000l\000e\000\040\000v\000a\000r\000i\000a\000t\000i\000o\000n\000\040\000u\000n\000c\000e\000r\000t\000a\000i\000n\000t\000y}{subsection.5.7}% 45
\BOOKMARK [2][-]{subsection.5.8}{\376\377\000S\000p\000l\000i\000t\000t\000i\000n\000g\000-\000K\000e\000r\000n\000e\000l\000\040\000v\000a\000r\000i\000a\000t\000i\000o\000n\000\040\000u\000n\000c\000e\000r\000t\000a\000i\000n\000t\000y}{section.5}% 46
\BOOKMARK [2][-]{subsection.5.9}{\376\377\000T\000r\000a\000c\000k\000i\000n\000g\000\040\000u\000n\000c\000e\000r\000t\000a\000i\000n\000t\000y}{section.5}% 47
\BOOKMARK [2][-]{subsection.5.10}{\376\377\000J\000E\000S\000\040\000/\000J\000E\000R\000\040\000u\000n\000c\000e\000r\000t\000a\000i\000n\000t\000y\000\040}{section.5}% 48
\BOOKMARK [3][-]{subsubsection.5.10.1}{\376\377\000N\000t\000r\000k\000\040\000/\000\040\000B\000D\000T\000\040\000r\000e\000-\000w\000e\000i\000g\000h\000t\000i\000n\000g}{subsection.5.10}% 49
\BOOKMARK [3][-]{subsubsection.5.10.2}{\376\377\000T\000h\000e\000\040\000M\000C\000\040\000n\000o\000n\000-\000c\000l\000o\000s\000u\000r\000e}{subsection.5.10}% 50
\BOOKMARK [3][-]{subsubsection.5.10.3}{\376\377\000S\000t\000a\000t\000i\000s\000t\000i\000c\000a\000l\000\040\000u\000n\000c\000e\000r\000t\000a\000i\000n\000t\000y}{subsection.5.10}% 51
\BOOKMARK [2][-]{subsection.5.11}{\376\377\000R\000e\000s\000u\000l\000t\000s}{section.5}% 52
\BOOKMARK [2][-]{subsection.5.12}{\376\377\000C\000o\000n\000c\000l\000u\000s\000i\000o\000n\000s}{section.5}% 53
\BOOKMARK [1][-]{section.6}{\376\377\000S\000e\000a\000r\000c\000h\000\040\000f\000o\000r\000\040\000n\000e\000w\000\040\000p\000h\000e\000n\000o\000m\000e\000n\000a\000\040\000i\000n\000\040\000d\000i\000j\000e\000t\000\040\000e\000v\000e\000n\000t\000s}{}% 54
\BOOKMARK [2][-]{subsection.6.1}{\376\377\000M\000o\000n\000t\000e\000\040\000C\000a\000r\000l\000o\000\040\000m\000o\000d\000e\000l\000s}{section.6}% 55
\BOOKMARK [3][-]{subsubsection.6.1.1}{\376\377\000Q\000C\000D\000\040\000b\000a\000c\000k\000g\000r\000o\000u\000n\000d}{subsection.6.1}% 56
\BOOKMARK [3][-]{subsubsection.6.1.2}{\376\377\000H}{subsection.6.1}% 57
\BOOKMARK [3][-]{subsubsection.6.1.3}{\376\377\000S\000t\000r\000i\000n\000g\000s}{subsection.6.1}% 58
\BOOKMARK [3][-]{subsubsection.6.1.4}{\376\377\000Q\000u\000a\000n\000t\000u\000m\000\040\000B\000l\000a\000c\000k\000\040\000H\000o\000l\000e\000s}{subsection.6.1}% 59
\BOOKMARK [2][-]{subsection.6.2}{\376\377\000E\000v\000e\000n\000t\000s\000\040\000s\000e\000l\000e\000c\000t\000i\000o\000n\000s}{section.6}% 60
\BOOKMARK [3][-]{subsubsection.6.2.1}{\376\377\000O\000b\000s\000e\000r\000v\000a\000b\000l\000e\000s\000\040\000a\000n\000d\000\040\000K\000i\000n\000e\000m\000a\000t\000i\000c\000\040\000V\000a\000r\000i\000a\000b\000l\000e\000s}{subsection.6.2}% 61
\BOOKMARK [3][-]{subsubsection.6.2.2}{\376\377\000B\000a\000s\000e\000l\000i\000n\000e\000\040\000s\000e\000l\000e\000c\000t\000i\000o\000n}{subsection.6.2}% 62
\BOOKMARK [2][-]{subsection.6.3}{\376\377\000Q\000u\000a\000r\000k\000-\000G\000l\000u\000o\000n\000\040\000S\000a\000m\000p\000l\000e\000\040\000S\000e\000l\000e\000c\000t\000i\000o\000n}{section.6}% 63
\BOOKMARK [3][-]{subsubsection.6.3.1}{\376\377\000E\000x\000p\000e\000c\000t\000e\000d\000\040\000S\000i\000g\000n\000a\000l\000\040\000S\000i\000g\000n\000i\000f\000i\000c\000a\000n\000c\000e}{subsection.6.3}% 64
\BOOKMARK [4][-]{paragraph.6.3.1.1}{\376\377\000R\000e\000s\000o\000n\000a\000n\000c\000e\000s\000\040\000t\000h\000a\000t\000\040\000d\000e\000c\000a\000y\000\040\000t\000o\000\040\000q\000u\000a\000r\000k\000-\000q\000u\000a\000r\000k}{subsubsection.6.3.1}% 65
\BOOKMARK [4][-]{paragraph.6.3.1.2}{\376\377\000S\000i\000g\000n\000a\000l\000s\000\040\000t\000h\000a\000t\000\040\000d\000e\000c\000a\000y\000\040\000t\000o\000\040\000g\000l\000u\000o\000n\000-\000g\000l\000u\000o\000n}{subsubsection.6.3.1}% 66
\BOOKMARK [4][-]{paragraph.6.3.1.3}{\376\377\000S\000i\000g\000n\000a\000l\000s\000\040\000t\000h\000a\000t\000\040\000d\000e\000c\000a\000y\000\040\000t\000o\000\040\000q\000u\000a\000r\000k\000-\000g\000l\000u\000o\000n}{subsubsection.6.3.1}% 67
\BOOKMARK [3][-]{subsubsection.6.3.2}{\376\377\000S\000e\000l\000e\000c\000t\000i\000o\000n\000\040\000C\000r\000i\000t\000e\000r\000i\000a}{subsection.6.3}% 68
\BOOKMARK [4][-]{paragraph.6.3.2.1}{\376\377\000S\000i\000g\000n\000a\000l\000\040\000S\000e\000l\000e\000c\000t\000i\000o\000n\000\040\000E\000f\000f\000i\000c\000i\000e\000n\000c\000i\000e\000s}{subsubsection.6.3.2}% 69
\BOOKMARK [2][-]{subsection.6.4}{\376\377\000S\000i\000g\000n\000a\000l\000\040\000O\000p\000t\000i\000m\000i\000s\000a\000t\000i\000o\000n}{section.6}% 70
\BOOKMARK [3][-]{subsubsection.6.4.1}{\376\377\000y\000\040\000C\000u\000t\000\040\000O\000p\000t\000i\000m\000i\000s\000a\000t\000i\000o\000n}{subsection.6.4}% 71
\BOOKMARK [3][-]{subsubsection.6.4.2}{\376\377\000D\000i\000j\000e\000t\000\040\000M\000a\000s\000s\000\040\000T\000u\000r\000n\000-\000o\000n}{subsection.6.4}% 72
\BOOKMARK [3][-]{subsubsection.6.4.3}{\376\377\000O\000p\000t\000i\000m\000i\000s\000e\000d\000\040\000S\000e\000l\000e\000c\000t\000i\000o\000n}{subsection.6.4}% 73
\BOOKMARK [3][-]{subsubsection.6.4.4}{\376\377\000S\000e\000l\000e\000c\000t\000e\000d\000\040\000K\000i\000n\000e\000m\000a\000t\000i\000c\000\040\000P\000l\000o\000t\000s}{subsection.6.4}% 74
\BOOKMARK [2][-]{subsection.6.5}{\376\377\000S\000t\000a\000t\000i\000s\000t\000i\000c\000a\000l\000\040\000F\000r\000a\000m\000e\000w\000o\000r\000k}{section.6}% 75
\BOOKMARK [3][-]{subsubsection.6.5.1}{\376\377\000F\000i\000t\000t\000i\000n\000g\000\040\000F\000r\000a\000m\000e\000w\000o\000r\000k}{subsection.6.5}% 76
\BOOKMARK [3][-]{subsubsection.6.5.2}{\376\377\000S\000t\000a\000t\000i\000s\000t\000i\000c\000a\000l\000\040\000M\000e\000t\000h\000o\000d}{subsection.6.5}% 77
\BOOKMARK [4][-]{paragraph.6.5.2.1}{\376\377\000P\000a\000r\000a\000m\000e\000t\000r\000i\000c\000\040\000b\000a\000c\000k\000g\000r\000o\000u\000n\000d\000\040\000m\000o\000d\000e\000l\000s}{subsubsection.6.5.2}% 78
\BOOKMARK [4][-]{paragraph.6.5.2.2}{\376\377\000U\000n\000c\000e\000r\000t\000a\000i\000n\000t\000i\000e\000s}{subsubsection.6.5.2}% 79
\BOOKMARK [4][-]{paragraph.6.5.2.3}{\376\377\000L\000i\000k\000e\000l\000i\000h\000o\000o\000d\000\040\000f\000u\000n\000c\000t\000i\000o\000n\000\040\000d\000e\000f\000i\000n\000i\000t\000i\000o\000n}{subsubsection.6.5.2}% 80
\BOOKMARK [4][-]{paragraph.6.5.2.4}{\376\377\000S\000t\000a\000t\000i\000s\000t\000i\000c\000a\000l\000\040\000M\000e\000t\000h\000o\000d}{subsubsection.6.5.2}% 81
\BOOKMARK [4][-]{paragraph.6.5.2.5}{\376\377\000T\000e\000s\000t\000\040\000s\000t\000a\000t\000i\000s\000t\000i\000c\000\040\000a\000n\000d\000\040\000p\000-\000v\000a\000l\000u\000e\000\040\000d\000e\000f\000i\000n\000i\000t\000i\000o\000n\000s}{subsubsection.6.5.2}% 82
\BOOKMARK [4][-]{paragraph.6.5.2.6}{\376\377\000G\000e\000n\000e\000r\000a\000t\000i\000o\000n\000\040\000o\000f\000\040\000p\000s\000e\000u\000d\000o\000-\000d\000a\000t\000a}{subsubsection.6.5.2}% 83
\BOOKMARK [4][-]{paragraph.6.5.2.7}{\376\377\000D\000e\000f\000i\000n\000i\000t\000i\000o\000n\000\040\000o\000f\000\040\000e\000x\000c\000l\000u\000s\000i\000o\000n\000\040\000l\000i\000m\000i\000t}{subsubsection.6.5.2}% 84
\BOOKMARK [4][-]{paragraph.6.5.2.8}{\376\377\000I\000m\000p\000l\000e\000m\000e\000n\000t\000a\000t\000i\000o\000n}{subsubsection.6.5.2}% 85
\BOOKMARK [3][-]{subsubsection.6.5.3}{\376\377\000B\000a\000c\000k\000g\000r\000o\000u\000n\000d\000\040\000E\000s\000t\000i\000m\000a\000t\000i\000o\000n}{subsection.6.5}% 86
\BOOKMARK [3][-]{subsubsection.6.5.4}{\376\377\000A\000n\000a\000l\000y\000s\000i\000s\000\040\000S\000t\000r\000a\000t\000e\000g\000y}{subsection.6.5}% 87
\BOOKMARK [3][-]{subsubsection.6.5.5}{\376\377\000S\000p\000u\000r\000i\000o\000u\000s\000\040\000S\000i\000g\000n\000a\000l\000\040\000T\000e\000s\000t\000s}{subsection.6.5}% 88
\BOOKMARK [3][-]{subsubsection.6.5.6}{\376\377\000F\000i\000t\000\040\000S\000t\000a\000b\000i\000l\000i\000t\000y\000\040\000T\000e\000s\000t\000s}{subsection.6.5}% 89
\BOOKMARK [2][-]{subsection.6.6}{\376\377\000S\000y\000s\000t\000e\000m\000a\000t\000i\000c\000\040\000u\000n\000c\000e\000r\000t\000a\000i\000n\000t\000i\000e\000s}{section.6}% 90
\BOOKMARK [3][-]{subsubsection.6.6.1}{\376\377\000S\000t\000r\000i\000n\000g\000\040\000r\000e\000s\000o\000n\000s\000n\000a\000c\000e\000\040\000s\000y\000s\000t\000e\000m\000a\000t\000i\000c\000\040\000u\000n\000c\000e\000r\000t\000a\000i\000n\000t\000i\000e\000s}{subsection.6.6}% 91
\BOOKMARK [3][-]{subsubsection.6.6.2}{\376\377\000q\000/\000g\000\040\000t\000a\000g\000g\000i\000n\000g\000\040\000S\000y\000s\000t\000e\000m\000a\000t\000i\000c\000s}{subsection.6.6}% 92
\BOOKMARK [4][-]{paragraph.6.6.2.1}{\376\377\000P\000u\000r\000e\000\040\000M\000C\000\040\000S\000y\000s\000t\000e\000m\000a\000t\000i\000c\000s\000\040}{subsubsection.6.6.2}% 93
\BOOKMARK [2][-]{subsection.6.7}{\376\377\000R\000e\000s\000u\000l\000t\000s}{section.6}% 94
\BOOKMARK [3][-]{subsubsection.6.7.1}{\376\377\000U\000n\000t\000a\000g\000g\000e\000d\000\040\000R\000e\000s\000o\000n\000a\000n\000c\000e\000s\000:\000\040\000M\000o\000d\000e\000l\000-\000i\000n\000d\000e\000p\000e\000n\000d\000e\000n\000t\000\040\000G\000a\000u\000s\000s\000i\000a\000n\000\040\000L\000i\000m\000i\000t\000s}{subsection.6.7}% 95
\BOOKMARK [1][-]{section.7}{\376\377\000C\000o\000n\000c\000l\000u\000s\000i\000o\000n\000s}{}% 96
